Build started 16.03.2016 17:05:00.
     1>Project "H:\Programm\3_course\КПО\lab_3_test\lab_1\lab_1.vcxproj" on node 2 (Build target(s)).
     1>ClCompile:
         C:\Program Files (x86)\Microsoft Visual Studio 12.0\VC\bin\CL.exe /c /ZI /nologo /W3 /WX- /sdl /Od /Oy- /D WIN32 /D _DEBUG /D _CONSOLE /D _LIB /D _UNICODE /D UNICODE /Gm /EHsc /RTC1 /MDd /GS /fp:precise /Zc:wchar_t /Zc:forScope /Yu"stdafx.h" /Fp"Debug\lab_1.pch" /Fo"Debug\\" /Fd"Debug\vc120.pdb" /Gd /TP /analyze- /errorReport:prompt lab_1.cpp
         lab_1.cpp
       Link:
         C:\Program Files (x86)\Microsoft Visual Studio 12.0\VC\bin\link.exe /ERRORREPORT:PROMPT /OUT:"H:\Programm\3_course\КПО\lab_3_test\Debug\lab_1.exe" /INCREMENTAL /NOLOGO kernel32.lib user32.lib gdi32.lib winspool.lib comdlg32.lib advapi32.lib shell32.lib ole32.lib oleaut32.lib uuid.lib odbc32.lib odbccp32.lib /MANIFEST /MANIFESTUAC:"level='asInvoker' uiAccess='false'" /manifest:embed /DEBUG /PDB:"H:\Programm\3_course\КПО\lab_3_test\Debug\lab_1.pdb" /SUBSYSTEM:CONSOLE /TLBID:1 /DYNAMICBASE /NXCOMPAT /IMPLIB:"H:\Programm\3_course\КПО\lab_3_test\Debug\lab_1.lib" /MACHINE:X86 Debug\Body.obj
         Debug\Circle.obj
         Debug\CircleFactory.obj
         Debug\lab_1.obj
         Debug\Point.obj
         Debug\Rectangle.obj
         Debug\RectangleFactory.obj
         Debug\stdafx.obj
         Debug\Triangle.obj
         Debug\TriangleFactory.obj
         lab_1.vcxproj -> H:\Programm\3_course\КПО\lab_3_test\Debug\lab_1.exe
     1>Done Building Project "H:\Programm\3_course\КПО\lab_3_test\lab_1\lab_1.vcxproj" (Build target(s)).

Build succeeded.

Time Elapsed 00:00:00.86
